<?xml version="1.0" encoding="UTF-8"?>
<!-- Generated by org.testng.reporters.JUnitReportReporter -->
<testsuite hostname="Akhilash" failures="0" tests="1" name="Practice.DatabaseRead" time="0.339" errors="0" timestamp="11 May 2023 12:03:24 GMT" skipped="0">
  <testcase classname="Practice.DatabaseRead" name="readDatadromTable" time="0.339"/>
</testsuite> <!-- Practice.DatabaseRead -->
