<?xml version="1.0" encoding="UTF-8"?>
<!-- Generated by org.testng.reporters.JUnitReportReporter -->
<testsuite hostname="Akhilash" failures="0" tests="1" name="Practice.DatabseUpdateQuery" time="0.245" errors="0" timestamp="11 May 2023 11:57:43 GMT" skipped="0">
  <testcase classname="Practice.DatabseUpdateQuery" name="updateDb" time="0.245"/>
</testsuite> <!-- Practice.DatabseUpdateQuery -->
