<?xml version="1.0" encoding="UTF-8"?>
<!-- Generated by org.testng.reporters.JUnitReportReporter -->
<testsuite hostname="Akhilash" failures="0" tests="1" name="Practice.BrowserDataBase" time="0.273" errors="0" timestamp="11 May 2023 11:48:02 GMT" skipped="0">
  <testcase classname="Practice.BrowserDataBase" name="readDatadromTable" time="0.273"/>
</testsuite> <!-- Practice.BrowserDataBase -->
